Compiling the CXX compiler identification source file "CMakeCXXCompilerId.cpp" failed.
Compiler: /Applications/Xcode.app/Contents/Developer/Toolchains/XcodeDefault.xctoolchain/usr/bin/c++ 
Build flags: 
Id flags:  

The output was:
1
ld: library not found for -lc++
clang: error: linker command failed with exit code 1 (use -v to see invocation)


Performing C++ SOURCE FILE Test CXXFLAG_WCAST_ALIGN_STRICT_OKAY failed with the following output:
Change Dir: /Users/varoonenjeti/Documents/Northwestern University/Fall Quarter (2022)/COMP_SCI 211/Pac-Man/cmake-build-debug/CMakeFiles/CMakeTmp

Run Build Command(s):/usr/bin/make -f Makefile cmTC_f3184/fast && /Applications/Xcode.app/Contents/Developer/usr/bin/make  -f CMakeFiles/cmTC_f3184.dir/build.make CMakeFiles/cmTC_f3184.dir/build
Building CXX object CMakeFiles/cmTC_f3184.dir/src.cxx.o
/Applications/Xcode.app/Contents/Developer/Toolchains/XcodeDefault.xctoolchain/usr/bin/c++ -DCXXFLAG_WCAST_ALIGN_STRICT_OKAY  -arch arm64 -isysroot /Applications/Xcode.app/Contents/Developer/Platforms/MacOSX.platform/Developer/SDKs/MacOSX13.0.sdk   -Wcast-align=strict -MD -MT CMakeFiles/cmTC_f3184.dir/src.cxx.o -MF CMakeFiles/cmTC_f3184.dir/src.cxx.o.d -o CMakeFiles/cmTC_f3184.dir/src.cxx.o -c "/Users/varoonenjeti/Documents/Northwestern University/Fall Quarter (2022)/COMP_SCI 211/Pac-Man/cmake-build-debug/CMakeFiles/CMakeTmp/src.cxx"
warning: unknown warning option '-Wcast-align=strict'; did you mean '-Wcast-align'? [-Wunknown-warning-option]
1 warning generated.
Linking CXX executable cmTC_f3184
/Applications/CLion.app/Contents/bin/cmake/mac/bin/cmake -E cmake_link_script CMakeFiles/cmTC_f3184.dir/link.txt --verbose=1
/Applications/Xcode.app/Contents/Developer/Toolchains/XcodeDefault.xctoolchain/usr/bin/c++  -arch arm64 -isysroot /Applications/Xcode.app/Contents/Developer/Platforms/MacOSX.platform/Developer/SDKs/MacOSX13.0.sdk -Wl,-search_paths_first -Wl,-headerpad_max_install_names CMakeFiles/cmTC_f3184.dir/src.cxx.o -o cmTC_f3184 


Source file was:
int main() { return 0; }
Performing C++ SOURCE FILE Test CXXFLAG_WERROR_BOOL_COMPARE_OKAY failed with the following output:
Change Dir: /Users/varoonenjeti/Documents/Northwestern University/Fall Quarter (2022)/COMP_SCI 211/Pac-Man/cmake-build-debug/CMakeFiles/CMakeTmp

Run Build Command(s):/usr/bin/make -f Makefile cmTC_7d21b/fast && /Applications/Xcode.app/Contents/Developer/usr/bin/make  -f CMakeFiles/cmTC_7d21b.dir/build.make CMakeFiles/cmTC_7d21b.dir/build
Building CXX object CMakeFiles/cmTC_7d21b.dir/src.cxx.o
/Applications/Xcode.app/Contents/Developer/Toolchains/XcodeDefault.xctoolchain/usr/bin/c++ -DCXXFLAG_WERROR_BOOL_COMPARE_OKAY  -arch arm64 -isysroot /Applications/Xcode.app/Contents/Developer/Platforms/MacOSX.platform/Developer/SDKs/MacOSX13.0.sdk   -Werror=bool-compare -MD -MT CMakeFiles/cmTC_7d21b.dir/src.cxx.o -MF CMakeFiles/cmTC_7d21b.dir/src.cxx.o.d -o CMakeFiles/cmTC_7d21b.dir/src.cxx.o -c "/Users/varoonenjeti/Documents/Northwestern University/Fall Quarter (2022)/COMP_SCI 211/Pac-Man/cmake-build-debug/CMakeFiles/CMakeTmp/src.cxx"
warning: unknown warning option '-Werror=bool-compare' [-Wunknown-warning-option]
1 warning generated.
Linking CXX executable cmTC_7d21b
/Applications/CLion.app/Contents/bin/cmake/mac/bin/cmake -E cmake_link_script CMakeFiles/cmTC_7d21b.dir/link.txt --verbose=1
/Applications/Xcode.app/Contents/Developer/Toolchains/XcodeDefault.xctoolchain/usr/bin/c++  -arch arm64 -isysroot /Applications/Xcode.app/Contents/Developer/Platforms/MacOSX.platform/Developer/SDKs/MacOSX13.0.sdk -Wl,-search_paths_first -Wl,-headerpad_max_install_names CMakeFiles/cmTC_7d21b.dir/src.cxx.o -o cmTC_7d21b 


Source file was:
int main() { return 0; }
